<?xml version="1.0" encoding="UTF-8"?>
<!-- Generated by org.testng.reporters.JUnitXMLReporter -->
<testsuite ignored="0" hostname="DESKTOP-7AFNIIK" failures="1" tests="3" name="Error Validations Test" time="22.594" errors="0" timestamp="2025-06-17T17:47:42 IST">
  <testcase classname="rahulshetyacademy.tests.ErrorValidationsTest" name="ProductErrorValidation" time="13.714"/>
  <testcase classname="rahulshetyacademy.tests.ErrorValidationsTest" name="submitOrder" time="0.897">
    <skipped/>
  </testcase> <!-- submitOrder -->
  <testcase classname="rahulshetyacademy.tests.ErrorValidationsTest" name="submitOrder" time="0.354">
    <failure type="java.lang.AssertionError" message="expected [Incorrect email or password.] but found [Incorrect email or password2.]">
      <![CDATA[java.lang.AssertionError: expected [Incorrect email or password.] but found [Incorrect email or password2.]
at rahulshetyacademy.tests.ErrorValidationsTest.submitOrder(ErrorValidationsTest.java:25)
at java.base/java.util.ArrayList.forEach(ArrayList.java:1596)
at java.base/java.util.concurrent.FutureTask.run(FutureTask.java:317)
at java.base/java.util.concurrent.ThreadPoolExecutor.runWorker(ThreadPoolExecutor.java:1144)
at java.base/java.util.concurrent.ThreadPoolExecutor$Worker.run(ThreadPoolExecutor.java:642)
at java.base/java.lang.Thread.run(Thread.java:1583)
... Removed 21 stack frames]]>
    </failure>
  </testcase> <!-- submitOrder -->
</testsuite> <!-- Error Validations Test -->
